Using pre-set license
Built from '2020.3/staging' branch; Version is '2020.3.14f1 (d0d1bb862f9d) revision 13685179'; Using compiler version '192528614'; Build Type 'Release'
OS: 'Windows 10 Pro; OS build 19044.1526; Version 2009; 64bit' Language: 'en' Physical Memory: 32700 MB
BatchMode: 1, IsHumanControllingUs: 0, StartBugReporterOnCrash: 0, Is64bit: 1, IsPro: 0

 COMMAND LINE ARGUMENTS:
C:\Program Files\Unity\Hub\Editor\2020.3.14f1\Editor\Unity.exe
-adb2
-batchMode
-noUpm
-name
AssetImportWorker0
-projectPath
E:/Unity projects/2D Tile
-logFile
Logs/AssetImportWorker0.log
-srvPort
53993
Successfully changed project path to: E:/Unity projects/2D Tile
E:/Unity projects/2D Tile
Using Asset Import Pipeline V2.
Refreshing native plugins compatible for Editor in 44.43 ms, found 3 plugins.
Preloading 0 native plugins for Editor in 0.00 ms.
Initialize engine version: 2020.3.14f1 (d0d1bb862f9d)
[Subsystems] Discovering subsystems at path C:/Program Files/Unity/Hub/Editor/2020.3.14f1/Editor/Data/Resources/UnitySubsystems
[Subsystems] Discovering subsystems at path E:/Unity projects/2D Tile/Assets
GfxDevice: creating device client; threaded=0
Direct3D:
    Version:  Direct3D 11.0 [level 11.1]
    Renderer: NVIDIA GeForce RTX 3070 (ID=0x2484)
    Vendor:   
    VRAM:     8043 MB
    Driver:   30.0.14.7212
Initialize mono
Mono path[0] = 'C:/Program Files/Unity/Hub/Editor/2020.3.14f1/Editor/Data/Managed'
Mono path[1] = 'C:/Program Files/Unity/Hub/Editor/2020.3.14f1/Editor/Data/MonoBleedingEdge/lib/mono/unityjit'
Mono config path = 'C:/Program Files/Unity/Hub/Editor/2020.3.14f1/Editor/Data/MonoBleedingEdge/etc'
Using monoOptions --debugger-agent=transport=dt_socket,embedding=1,server=y,suspend=n,address=127.0.0.1:56044
Begin MonoManager ReloadAssembly
Registering precompiled unity dll's ...
Register platform support module: C:/Program Files/Unity/Hub/Editor/2020.3.14f1/Editor/Data/PlaybackEngines/WindowsStandaloneSupport/UnityEditor.WindowsStandalone.Extensions.dll
Registered in 0.002574 seconds.
Native extension for WindowsStandalone target not found
Refreshing native plugins compatible for Editor in 46.38 ms, found 3 plugins.
Preloading 0 native plugins for Editor in 0.00 ms.
Mono: successfully reloaded assembly
- Completed reload, in  2.273 seconds
Domain Reload Profiling:
	ReloadAssembly (2273ms)
		BeginReloadAssembly (61ms)
			ExecutionOrderSort (0ms)
			DisableScriptedObjects (0ms)
			BackupInstance (0ms)
			ReleaseScriptingObjects (0ms)
			CreateAndSetChildDomain (1ms)
		EndReloadAssembly (458ms)
			LoadAssemblies (58ms)
			RebuildTransferFunctionScriptingTraits (0ms)
			SetupTypeCache (154ms)
			ReleaseScriptCaches (0ms)
			RebuildScriptCaches (31ms)
			SetupLoadedEditorAssemblies (189ms)
				LogAssemblyErrors (0ms)
				InitializePlatformSupportModulesInManaged (4ms)
				SetLoadedEditorAssemblies (0ms)
				RefreshPlugins (46ms)
				BeforeProcessingInitializeOnLoad (15ms)
				ProcessInitializeOnLoadAttributes (90ms)
				ProcessInitializeOnLoadMethodAttributes (32ms)
				AfterProcessingInitializeOnLoad (0ms)
				EditorAssembliesLoaded (0ms)
			ExecutionOrderSort2 (0ms)
			AwakeInstancesAfterBackupRestoration (0ms)
Platform modules already initialized, skipping
Registering precompiled user dll's ...
Registered in 0.005368 seconds.
Begin MonoManager ReloadAssembly
Native extension for WindowsStandalone target not found
Refreshing native plugins compatible for Editor in 40.61 ms, found 3 plugins.
Preloading 0 native plugins for Editor in 0.00 ms.
Mono: successfully reloaded assembly
- Completed reload, in  1.237 seconds
Domain Reload Profiling:
	ReloadAssembly (1238ms)
		BeginReloadAssembly (156ms)
			ExecutionOrderSort (0ms)
			DisableScriptedObjects (5ms)
			BackupInstance (0ms)
			ReleaseScriptingObjects (0ms)
			CreateAndSetChildDomain (18ms)
		EndReloadAssembly (1011ms)
			LoadAssemblies (106ms)
			RebuildTransferFunctionScriptingTraits (0ms)
			SetupTypeCache (313ms)
			ReleaseScriptCaches (1ms)
			RebuildScriptCaches (51ms)
			SetupLoadedEditorAssemblies (397ms)
				LogAssemblyErrors (0ms)
				InitializePlatformSupportModulesInManaged (4ms)
				SetLoadedEditorAssemblies (0ms)
				RefreshPlugins (41ms)
				BeforeProcessingInitializeOnLoad (101ms)
				ProcessInitializeOnLoadAttributes (224ms)
				ProcessInitializeOnLoadMethodAttributes (17ms)
				AfterProcessingInitializeOnLoad (10ms)
				EditorAssembliesLoaded (0ms)
			ExecutionOrderSort2 (0ms)
			AwakeInstancesAfterBackupRestoration (7ms)
Platform modules already initialized, skipping
========================================================================
Worker process is ready to serve import requests
Launched and connected shader compiler UnityShaderCompiler.exe after 0.05 seconds
Refreshing native plugins compatible for Editor in 0.48 ms, found 3 plugins.
Preloading 0 native plugins for Editor in 0.00 ms.
Unloading 2084 Unused Serialized files (Serialized files now loaded: 0)
System memory in use before: 92.9 MB.
System memory in use after: 92.8 MB.

Unloading 33 unused Assets to reduce memory usage. Loaded Objects now: 2517.
Total: 2.618400 ms (FindLiveObjects: 0.317900 ms CreateObjectMapping: 0.063700 ms MarkObjects: 2.096300 ms  DeleteObjects: 0.138600 ms)

AssetImportParameters requested are different than current active one (requested -> active):
  custom:framework-win-MediaFoundation: 216162199b28c13a410421893ffa2e32 -> 
  custom:video-decoder-ogg-theora: a1e56fd34408186e4bbccfd4996cb3dc -> 
  custom:container-muxer-webm: aa71ff27fc2769a1b78a27578f13a17b -> 
  custom:container-demuxer-webm: 4f35f7cbe854078d1ac9338744f61a02 -> 
  custom:container-demuxer-ogg: 62fdf1f143b41e24485cea50d1cbac27 -> 
  custom:video-encoder-webm-vp8: eb34c28f22e8b96e1ab97ce403110664 -> 
  custom:video-decoder-webm-vp8: 9c59270c3fd7afecdb556c50c9e8de78 -> 
  custom:audio-decoder-ogg-vorbis: bf7c407c2cedff20999df2af8eb42d56 -> 
  custom:audio-encoder-webm-vorbis: bf7c407c2cedff20999df2af8eb42d56 -> 
========================================================================
Received Import Request.
  path: Assets/BrandonNelson-TileMap.png
  artifactKey: Guid(956b118d1311dc44d811e48a874f274c) Importer(815301076,1909f56bfc062723c751e8b465ee728b)
Start importing Assets/BrandonNelson-TileMap.png using Guid(956b118d1311dc44d811e48a874f274c) Importer(815301076,1909f56bfc062723c751e8b465ee728b)  -> (artifact id: 'a3f2db03e79c002f25ad2012f0fb8aa6') in 0.152769 seconds 
  Import took 0.156207 seconds .

========================================================================
Received Import Request.
  Time since last request: 98.186756 seconds.
  path: Assets/BrandonNelson-TileMap.png
  artifactKey: Guid(956b118d1311dc44d811e48a874f274c) Importer(815301076,1909f56bfc062723c751e8b465ee728b)
Start importing Assets/BrandonNelson-TileMap.png using Guid(956b118d1311dc44d811e48a874f274c) Importer(815301076,1909f56bfc062723c751e8b465ee728b)  -> (artifact id: 'ce0f6dd99d7432037e524e99340e85f6') in 0.013813 seconds 
  Import took 0.018612 seconds .

========================================================================
Received Import Request.
  Time since last request: 89.589437 seconds.
  path: Assets/BrandonNelson-TileMap.png
  artifactKey: Guid(956b118d1311dc44d811e48a874f274c) Importer(815301076,1909f56bfc062723c751e8b465ee728b)
Start importing Assets/BrandonNelson-TileMap.png using Guid(956b118d1311dc44d811e48a874f274c) Importer(815301076,1909f56bfc062723c751e8b465ee728b)  -> (artifact id: '961728d8603b062ad4fa09aea5abccfd') in 0.053837 seconds 
  Import took 0.057473 seconds .

========================================================================
Received Import Request.
  Time since last request: 394.658904 seconds.
  path: Assets/Tiles/BrandonNelson-TileMap_0.asset
  artifactKey: Guid(8019df09b79dbea4a9c249236e4f2ce9) Importer(815301076,1909f56bfc062723c751e8b465ee728b)
Start importing Assets/Tiles/BrandonNelson-TileMap_0.asset using Guid(8019df09b79dbea4a9c249236e4f2ce9) Importer(815301076,1909f56bfc062723c751e8b465ee728b)  -> (artifact id: '246ba77a5c33f55dc1e4f3944c9d59e1') in 0.038425 seconds 
  Import took 0.041734 seconds .

========================================================================
Received Import Request.
  Time since last request: 0.000213 seconds.
  path: Assets/Tiles/BrandonNelson-TileMap_6.asset
  artifactKey: Guid(30cda08de837a9f4b87038a02e7c52a0) Importer(815301076,1909f56bfc062723c751e8b465ee728b)
Start importing Assets/Tiles/BrandonNelson-TileMap_6.asset using Guid(30cda08de837a9f4b87038a02e7c52a0) Importer(815301076,1909f56bfc062723c751e8b465ee728b)  -> (artifact id: '411ec5a7df50d9abfb6e676e1e3fa307') in 0.015556 seconds 
  Import took 0.018759 seconds .

========================================================================
Received Import Request.
  Time since last request: 0.000251 seconds.
  path: Assets/Tiles/BrandonNelson-TileMap_4.asset
  artifactKey: Guid(d8c28b0a6d7d0204d9e9a1bd9483916b) Importer(815301076,1909f56bfc062723c751e8b465ee728b)
Start importing Assets/Tiles/BrandonNelson-TileMap_4.asset using Guid(d8c28b0a6d7d0204d9e9a1bd9483916b) Importer(815301076,1909f56bfc062723c751e8b465ee728b)  -> (artifact id: 'a3b4cb22147c122ad01bba0977eb9b28') in 0.013862 seconds 
  Import took 0.018254 seconds .

========================================================================
Received Import Request.
  Time since last request: 0.000245 seconds.
  path: Assets/Tiles/BrandonNelson-TileMap_16.asset
  artifactKey: Guid(9b343980a3566334b9c2e1180ca1a48e) Importer(815301076,1909f56bfc062723c751e8b465ee728b)
Start importing Assets/Tiles/BrandonNelson-TileMap_16.asset using Guid(9b343980a3566334b9c2e1180ca1a48e) Importer(815301076,1909f56bfc062723c751e8b465ee728b)  -> (artifact id: '422306ddf81ac60a0ab630bbc5f34dff') in 0.010847 seconds 
  Import took 0.014284 seconds .

========================================================================
Received Import Request.
  Time since last request: 0.000284 seconds.
  path: Assets/Tiles/BrandonNelson-TileMap_11.asset
  artifactKey: Guid(1aa198606891a3f4fa6b1dc4b4b9b644) Importer(815301076,1909f56bfc062723c751e8b465ee728b)
Start importing Assets/Tiles/BrandonNelson-TileMap_11.asset using Guid(1aa198606891a3f4fa6b1dc4b4b9b644) Importer(815301076,1909f56bfc062723c751e8b465ee728b)  -> (artifact id: 'c36596b872d335388254a274f7c3c54c') in 0.009171 seconds 
  Import took 0.012402 seconds .

========================================================================
Received Import Request.
  Time since last request: 0.000235 seconds.
  path: Assets/Tiles/BrandonNelson-TileMap_8.asset
  artifactKey: Guid(a9477188ef9420040ab9d2da50e55b12) Importer(815301076,1909f56bfc062723c751e8b465ee728b)
Start importing Assets/Tiles/BrandonNelson-TileMap_8.asset using Guid(a9477188ef9420040ab9d2da50e55b12) Importer(815301076,1909f56bfc062723c751e8b465ee728b)  -> (artifact id: '1e434e706595410eab5def92c4ce11fd') in 0.009353 seconds 
  Import took 0.012354 seconds .

========================================================================
Received Import Request.
  Time since last request: 0.000204 seconds.
  path: Assets/Tiles/BrandonNelson-TileMap_10.asset
  artifactKey: Guid(8d2d426c04d20f345bc2ce61b124a40e) Importer(815301076,1909f56bfc062723c751e8b465ee728b)
Start importing Assets/Tiles/BrandonNelson-TileMap_10.asset using Guid(8d2d426c04d20f345bc2ce61b124a40e) Importer(815301076,1909f56bfc062723c751e8b465ee728b)  -> (artifact id: 'a335087d18591b2e908234c81816c1d8') in 0.011351 seconds 
  Import took 0.014329 seconds .

========================================================================
Received Import Request.
  Time since last request: 0.000186 seconds.
  path: Assets/Tiles/BrandonNelson-TileMap_2.asset
  artifactKey: Guid(bca6c549d74afd44784bb9c456ddb6c5) Importer(815301076,1909f56bfc062723c751e8b465ee728b)
Start importing Assets/Tiles/BrandonNelson-TileMap_2.asset using Guid(bca6c549d74afd44784bb9c456ddb6c5) Importer(815301076,1909f56bfc062723c751e8b465ee728b)  -> (artifact id: 'c0ba5273b3546678a736c3fb3a408423') in 0.010144 seconds 
  Import took 0.013159 seconds .

========================================================================
Received Import Request.
  Time since last request: 0.000285 seconds.
  path: Assets/Tiles/BrandonNelson-TileMap_17.asset
  artifactKey: Guid(700dbdef0be33e74d9c1b19a0d496910) Importer(815301076,1909f56bfc062723c751e8b465ee728b)
Start importing Assets/Tiles/BrandonNelson-TileMap_17.asset using Guid(700dbdef0be33e74d9c1b19a0d496910) Importer(815301076,1909f56bfc062723c751e8b465ee728b)  -> (artifact id: 'f1396baaf4db80bd1833d6dcf4200e90') in 0.011213 seconds 
  Import took 0.014590 seconds .

========================================================================
Received Import Request.
  Time since last request: 0.000243 seconds.
  path: Assets/Tiles/BrandonNelson-TileMap_14.asset
  artifactKey: Guid(7dc284f15abab02458e859d2639fed60) Importer(815301076,1909f56bfc062723c751e8b465ee728b)
Start importing Assets/Tiles/BrandonNelson-TileMap_14.asset using Guid(7dc284f15abab02458e859d2639fed60) Importer(815301076,1909f56bfc062723c751e8b465ee728b)  -> (artifact id: 'a9dab6596c308cbdf4dfb384dadd0de9') in 0.009714 seconds 
  Import took 0.012831 seconds .

========================================================================
Received Import Request.
  Time since last request: 0.000218 seconds.
  path: Assets/Tiles/BrandonNelson-TileMap_13.asset
  artifactKey: Guid(56a30c1057708f54aaba5a39e1b6783d) Importer(815301076,1909f56bfc062723c751e8b465ee728b)
Start importing Assets/Tiles/BrandonNelson-TileMap_13.asset using Guid(56a30c1057708f54aaba5a39e1b6783d) Importer(815301076,1909f56bfc062723c751e8b465ee728b)  -> (artifact id: 'ea6e65cea401d7ea923c55cdaed7c594') in 0.009687 seconds 
  Import took 0.013117 seconds .

========================================================================
Received Import Request.
  Time since last request: 0.000336 seconds.
  path: Assets/Tiles/BrandonNelson-TileMap_5.asset
  artifactKey: Guid(8d22f16069003b0428954bfa7c60aa38) Importer(815301076,1909f56bfc062723c751e8b465ee728b)
Start importing Assets/Tiles/BrandonNelson-TileMap_5.asset using Guid(8d22f16069003b0428954bfa7c60aa38) Importer(815301076,1909f56bfc062723c751e8b465ee728b)  -> (artifact id: '5d2501d4ae8e54b9d49b13b7d0718af7') in 0.009726 seconds 
  Import took 0.013341 seconds .

========================================================================
Received Import Request.
  Time since last request: 0.000314 seconds.
  path: Assets/Tiles/BrandonNelson-TileMap_1.asset
  artifactKey: Guid(11676c9391b7c3c48883ff5b61aad275) Importer(815301076,1909f56bfc062723c751e8b465ee728b)
Start importing Assets/Tiles/BrandonNelson-TileMap_1.asset using Guid(11676c9391b7c3c48883ff5b61aad275) Importer(815301076,1909f56bfc062723c751e8b465ee728b)  -> (artifact id: '48c30d11a11d1e960e16a8f2b5f0e17c') in 0.010380 seconds 
  Import took 0.013741 seconds .

========================================================================
Received Import Request.
  Time since last request: 0.000206 seconds.
  path: Assets/Tiles/BrandonNelson-TileMap_9.asset
  artifactKey: Guid(eaf9cc832dfd8b64abc18b039e73fbca) Importer(815301076,1909f56bfc062723c751e8b465ee728b)
Start importing Assets/Tiles/BrandonNelson-TileMap_9.asset using Guid(eaf9cc832dfd8b64abc18b039e73fbca) Importer(815301076,1909f56bfc062723c751e8b465ee728b)  -> (artifact id: '2cf485e489b05471fa7e94a86c8b606f') in 0.011224 seconds 
  Import took 0.014908 seconds .

========================================================================
Received Import Request.
  Time since last request: 0.000223 seconds.
  path: Assets/Tiles/BrandonNelson-TileMap_7.asset
  artifactKey: Guid(c33dbcc80f544c94880323f5d882434e) Importer(815301076,1909f56bfc062723c751e8b465ee728b)
Start importing Assets/Tiles/BrandonNelson-TileMap_7.asset using Guid(c33dbcc80f544c94880323f5d882434e) Importer(815301076,1909f56bfc062723c751e8b465ee728b)  -> (artifact id: '592fba45faef9ee63e421caf8735cc8e') in 0.009416 seconds 
  Import took 0.012507 seconds .

========================================================================
Received Import Request.
  Time since last request: 0.000245 seconds.
  path: Assets/Tiles/BrandonNelson-TileMap_12.asset
  artifactKey: Guid(4525f3c6cf162b0448cd961ab7b165a7) Importer(815301076,1909f56bfc062723c751e8b465ee728b)
Start importing Assets/Tiles/BrandonNelson-TileMap_12.asset using Guid(4525f3c6cf162b0448cd961ab7b165a7) Importer(815301076,1909f56bfc062723c751e8b465ee728b)  -> (artifact id: 'a2abf802bc086f9668290c6549feba5c') in 0.011074 seconds 
  Import took 0.014131 seconds .

========================================================================
Received Import Request.
  Time since last request: 0.000264 seconds.
  path: Assets/Tiles/BrandonNelson-TileMap_3.asset
  artifactKey: Guid(718e21aa8bda0b04d892141a6ca573ed) Importer(815301076,1909f56bfc062723c751e8b465ee728b)
Start importing Assets/Tiles/BrandonNelson-TileMap_3.asset using Guid(718e21aa8bda0b04d892141a6ca573ed) Importer(815301076,1909f56bfc062723c751e8b465ee728b)  -> (artifact id: '6fa3cf7ed5c052238ecbc9ec7c55a1fe') in 0.010457 seconds 
  Import took 0.013856 seconds .

========================================================================
Received Import Request.
  Time since last request: 0.000227 seconds.
  path: Assets/Tiles/BrandonNelson-TileMap_15.asset
  artifactKey: Guid(f3ad64b3ee74f04479f2fbb13cb11d4e) Importer(815301076,1909f56bfc062723c751e8b465ee728b)
Start importing Assets/Tiles/BrandonNelson-TileMap_15.asset using Guid(f3ad64b3ee74f04479f2fbb13cb11d4e) Importer(815301076,1909f56bfc062723c751e8b465ee728b)  -> (artifact id: 'a7b4b37c9c4e30d08f8a95fa310b8876') in 0.012870 seconds 
  Import took 0.016142 seconds .

========================================================================
Received Prepare
Registering precompiled user dll's ...
Registered in 0.006177 seconds.
Begin MonoManager ReloadAssembly
Native extension for WindowsStandalone target not found
Refreshing native plugins compatible for Editor in 0.68 ms, found 3 plugins.
Preloading 0 native plugins for Editor in 0.00 ms.
Mono: successfully reloaded assembly
- Completed reload, in  1.093 seconds
Domain Reload Profiling:
	ReloadAssembly (1094ms)
		BeginReloadAssembly (117ms)
			ExecutionOrderSort (0ms)
			DisableScriptedObjects (6ms)
			BackupInstance (0ms)
			ReleaseScriptingObjects (0ms)
			CreateAndSetChildDomain (35ms)
		EndReloadAssembly (906ms)
			LoadAssemblies (100ms)
			RebuildTransferFunctionScriptingTraits (0ms)
			SetupTypeCache (304ms)
			ReleaseScriptCaches (1ms)
			RebuildScriptCaches (45ms)
			SetupLoadedEditorAssemblies (334ms)
				LogAssemblyErrors (0ms)
				InitializePlatformSupportModulesInManaged (6ms)
				SetLoadedEditorAssemblies (1ms)
				RefreshPlugins (1ms)
				BeforeProcessingInitializeOnLoad (97ms)
				ProcessInitializeOnLoadAttributes (214ms)
				ProcessInitializeOnLoadMethodAttributes (6ms)
				AfterProcessingInitializeOnLoad (10ms)
				EditorAssembliesLoaded (0ms)
			ExecutionOrderSort2 (0ms)
			AwakeInstancesAfterBackupRestoration (10ms)
Platform modules already initialized, skipping
Refreshing native plugins compatible for Editor in 0.45 ms, found 3 plugins.
Preloading 0 native plugins for Editor in 0.00 ms.
Unloading 2080 Unused Serialized files (Serialized files now loaded: 0)
System memory in use before: 95.9 MB.
System memory in use after: 95.8 MB.

Unloading 21 unused Assets to reduce memory usage. Loaded Objects now: 2532.
Total: 2.630800 ms (FindLiveObjects: 0.185900 ms CreateObjectMapping: 0.045600 ms MarkObjects: 2.289400 ms  DeleteObjects: 0.108100 ms)

AssetImportParameters requested are different than current active one (requested -> active):
  custom:framework-win-MediaFoundation: 216162199b28c13a410421893ffa2e32 -> 
  custom:video-decoder-ogg-theora: a1e56fd34408186e4bbccfd4996cb3dc -> 
  custom:container-muxer-webm: aa71ff27fc2769a1b78a27578f13a17b -> 
  custom:container-demuxer-webm: 4f35f7cbe854078d1ac9338744f61a02 -> 
  custom:container-demuxer-ogg: 62fdf1f143b41e24485cea50d1cbac27 -> 
  custom:video-encoder-webm-vp8: eb34c28f22e8b96e1ab97ce403110664 -> 
  custom:video-decoder-webm-vp8: 9c59270c3fd7afecdb556c50c9e8de78 -> 
  custom:audio-decoder-ogg-vorbis: bf7c407c2cedff20999df2af8eb42d56 -> 
  custom:audio-encoder-webm-vorbis: bf7c407c2cedff20999df2af8eb42d56 -> 
========================================================================
Received Import Request.
  Time since last request: 983.362138 seconds.
  path: Assets/2d_CharaterController_NonAnimated/Character Sheet.png
  artifactKey: Guid(892b3382a4a2b1242adc829e5c453341) Importer(815301076,1909f56bfc062723c751e8b465ee728b)
Start importing Assets/2d_CharaterController_NonAnimated/Character Sheet.png using Guid(892b3382a4a2b1242adc829e5c453341) Importer(815301076,1909f56bfc062723c751e8b465ee728b)  -> (artifact id: '756f5530dad8cd8aeebe70e57222c837') in 0.083775 seconds 
  Import took 0.087251 seconds .

========================================================================
Received Import Request.
  Time since last request: 0.000183 seconds.
  path: Assets/2d_CharaterController_NonAnimated/Player.prefab
  artifactKey: Guid(bb26b68cb51fac64b930bcb4d4871a1d) Importer(815301076,1909f56bfc062723c751e8b465ee728b)
Start importing Assets/2d_CharaterController_NonAnimated/Player.prefab using Guid(bb26b68cb51fac64b930bcb4d4871a1d) Importer(815301076,1909f56bfc062723c751e8b465ee728b)  -> (artifact id: '8d96885ec3b1ef746ca1e5ac3e2fa41e') in 0.035802 seconds 
  Import took 0.039132 seconds .

========================================================================
Received Import Request.
  Time since last request: 0.002010 seconds.
  path: Assets/2d_CharaterController_NonAnimated/Player.prefab
  artifactKey: Guid(bb26b68cb51fac64b930bcb4d4871a1d) Importer(815301076,1909f56bfc062723c751e8b465ee728b)
Start importing Assets/2d_CharaterController_NonAnimated/Player.prefab using Guid(bb26b68cb51fac64b930bcb4d4871a1d) Importer(815301076,1909f56bfc062723c751e8b465ee728b)  -> (artifact id: '8d96885ec3b1ef746ca1e5ac3e2fa41e') in 0.008584 seconds 
  Import took 0.011973 seconds .

========================================================================
Received Prepare
Registering precompiled user dll's ...
Registered in 0.004929 seconds.
Begin MonoManager ReloadAssembly
Native extension for WindowsStandalone target not found
Refreshing native plugins compatible for Editor in 0.46 ms, found 3 plugins.
Preloading 0 native plugins for Editor in 0.00 ms.
Mono: successfully reloaded assembly
- Completed reload, in  1.069 seconds
Domain Reload Profiling:
	ReloadAssembly (1070ms)
		BeginReloadAssembly (110ms)
			ExecutionOrderSort (0ms)
			DisableScriptedObjects (6ms)
			BackupInstance (0ms)
			ReleaseScriptingObjects (0ms)
			CreateAndSetChildDomain (32ms)
		EndReloadAssembly (889ms)
			LoadAssemblies (97ms)
			RebuildTransferFunctionScriptingTraits (0ms)
			SetupTypeCache (299ms)
			ReleaseScriptCaches (1ms)
			RebuildScriptCaches (42ms)
			SetupLoadedEditorAssemblies (342ms)
				LogAssemblyErrors (0ms)
				InitializePlatformSupportModulesInManaged (5ms)
				SetLoadedEditorAssemblies (0ms)
				RefreshPlugins (1ms)
				BeforeProcessingInitializeOnLoad (103ms)
				ProcessInitializeOnLoadAttributes (217ms)
				ProcessInitializeOnLoadMethodAttributes (6ms)
				AfterProcessingInitializeOnLoad (10ms)
				EditorAssembliesLoaded (0ms)
			ExecutionOrderSort2 (0ms)
			AwakeInstancesAfterBackupRestoration (12ms)
Platform modules already initialized, skipping
Refreshing native plugins compatible for Editor in 0.48 ms, found 3 plugins.
Preloading 0 native plugins for Editor in 0.00 ms.
Unloading 2080 Unused Serialized files (Serialized files now loaded: 0)
System memory in use before: 96.0 MB.
System memory in use after: 95.9 MB.

Unloading 21 unused Assets to reduce memory usage. Loaded Objects now: 2540.
Total: 2.774400 ms (FindLiveObjects: 0.216900 ms CreateObjectMapping: 0.047100 ms MarkObjects: 2.381800 ms  DeleteObjects: 0.127100 ms)

AssetImportParameters requested are different than current active one (requested -> active):
  custom:framework-win-MediaFoundation: 216162199b28c13a410421893ffa2e32 -> 
  custom:video-decoder-ogg-theora: a1e56fd34408186e4bbccfd4996cb3dc -> 
  custom:container-muxer-webm: aa71ff27fc2769a1b78a27578f13a17b -> 
  custom:container-demuxer-webm: 4f35f7cbe854078d1ac9338744f61a02 -> 
  custom:container-demuxer-ogg: 62fdf1f143b41e24485cea50d1cbac27 -> 
  custom:video-encoder-webm-vp8: eb34c28f22e8b96e1ab97ce403110664 -> 
  custom:video-decoder-webm-vp8: 9c59270c3fd7afecdb556c50c9e8de78 -> 
  custom:audio-decoder-ogg-vorbis: bf7c407c2cedff20999df2af8eb42d56 -> 
  custom:audio-encoder-webm-vorbis: bf7c407c2cedff20999df2af8eb42d56 -> 
========================================================================
Received Import Request.
  Time since last request: 93.409928 seconds.
  path: Assets/2d_CharaterController_NonAnimated/PlayerMovement_2D.cs
  artifactKey: Guid(5b0f2954e568cac4794cc7a42135e43a) Importer(815301076,1909f56bfc062723c751e8b465ee728b)
Start importing Assets/2d_CharaterController_NonAnimated/PlayerMovement_2D.cs using Guid(5b0f2954e568cac4794cc7a42135e43a) Importer(815301076,1909f56bfc062723c751e8b465ee728b)  -> (artifact id: 'd73c0594e7d1b258f6ca287213a42ecd') in 0.015306 seconds 
  Import took 0.018609 seconds .

========================================================================
Received Prepare
Registering precompiled user dll's ...
Registered in 0.004708 seconds.
Begin MonoManager ReloadAssembly
Native extension for WindowsStandalone target not found
Refreshing native plugins compatible for Editor in 0.47 ms, found 3 plugins.
Preloading 0 native plugins for Editor in 0.00 ms.
Mono: successfully reloaded assembly
- Completed reload, in  1.059 seconds
Domain Reload Profiling:
	ReloadAssembly (1059ms)
		BeginReloadAssembly (119ms)
			ExecutionOrderSort (0ms)
			DisableScriptedObjects (7ms)
			BackupInstance (0ms)
			ReleaseScriptingObjects (0ms)
			CreateAndSetChildDomain (38ms)
		EndReloadAssembly (871ms)
			LoadAssemblies (104ms)
			RebuildTransferFunctionScriptingTraits (0ms)
			SetupTypeCache (292ms)
			ReleaseScriptCaches (1ms)
			RebuildScriptCaches (43ms)
			SetupLoadedEditorAssemblies (325ms)
				LogAssemblyErrors (0ms)
				InitializePlatformSupportModulesInManaged (5ms)
				SetLoadedEditorAssemblies (0ms)
				RefreshPlugins (1ms)
				BeforeProcessingInitializeOnLoad (95ms)
				ProcessInitializeOnLoadAttributes (208ms)
				ProcessInitializeOnLoadMethodAttributes (6ms)
				AfterProcessingInitializeOnLoad (10ms)
				EditorAssembliesLoaded (0ms)
			ExecutionOrderSort2 (0ms)
			AwakeInstancesAfterBackupRestoration (11ms)
Platform modules already initialized, skipping
Refreshing native plugins compatible for Editor in 0.47 ms, found 3 plugins.
Preloading 0 native plugins for Editor in 0.00 ms.
Unloading 2080 Unused Serialized files (Serialized files now loaded: 0)
System memory in use before: 96.0 MB.
System memory in use after: 96.0 MB.

Unloading 21 unused Assets to reduce memory usage. Loaded Objects now: 2544.
Total: 2.262800 ms (FindLiveObjects: 0.220100 ms CreateObjectMapping: 0.047000 ms MarkObjects: 1.875100 ms  DeleteObjects: 0.119500 ms)

AssetImportParameters requested are different than current active one (requested -> active):
  custom:framework-win-MediaFoundation: 216162199b28c13a410421893ffa2e32 -> 
  custom:video-decoder-ogg-theora: a1e56fd34408186e4bbccfd4996cb3dc -> 
  custom:container-muxer-webm: aa71ff27fc2769a1b78a27578f13a17b -> 
  custom:container-demuxer-webm: 4f35f7cbe854078d1ac9338744f61a02 -> 
  custom:container-demuxer-ogg: 62fdf1f143b41e24485cea50d1cbac27 -> 
  custom:video-encoder-webm-vp8: eb34c28f22e8b96e1ab97ce403110664 -> 
  custom:video-decoder-webm-vp8: 9c59270c3fd7afecdb556c50c9e8de78 -> 
  custom:audio-decoder-ogg-vorbis: bf7c407c2cedff20999df2af8eb42d56 -> 
  custom:audio-encoder-webm-vorbis: bf7c407c2cedff20999df2af8eb42d56 -> 
========================================================================
Received Prepare
Registering precompiled user dll's ...
Registered in 0.004558 seconds.
Begin MonoManager ReloadAssembly
Native extension for WindowsStandalone target not found
Refreshing native plugins compatible for Editor in 0.50 ms, found 3 plugins.
Preloading 0 native plugins for Editor in 0.00 ms.
Mono: successfully reloaded assembly
- Completed reload, in  1.171 seconds
Domain Reload Profiling:
	ReloadAssembly (1171ms)
		BeginReloadAssembly (128ms)
			ExecutionOrderSort (0ms)
			DisableScriptedObjects (9ms)
			BackupInstance (0ms)
			ReleaseScriptingObjects (0ms)
			CreateAndSetChildDomain (38ms)
		EndReloadAssembly (967ms)
			LoadAssemblies (113ms)
			RebuildTransferFunctionScriptingTraits (0ms)
			SetupTypeCache (330ms)
			ReleaseScriptCaches (1ms)
			RebuildScriptCaches (49ms)
			SetupLoadedEditorAssemblies (354ms)
				LogAssemblyErrors (0ms)
				InitializePlatformSupportModulesInManaged (6ms)
				SetLoadedEditorAssemblies (0ms)
				RefreshPlugins (1ms)
				BeforeProcessingInitializeOnLoad (109ms)
				ProcessInitializeOnLoadAttributes (221ms)
				ProcessInitializeOnLoadMethodAttributes (6ms)
				AfterProcessingInitializeOnLoad (10ms)
				EditorAssembliesLoaded (0ms)
			ExecutionOrderSort2 (0ms)
			AwakeInstancesAfterBackupRestoration (11ms)
Platform modules already initialized, skipping
Refreshing native plugins compatible for Editor in 0.50 ms, found 3 plugins.
Preloading 0 native plugins for Editor in 0.00 ms.
Unloading 2080 Unused Serialized files (Serialized files now loaded: 0)
System memory in use before: 96.0 MB.
System memory in use after: 96.0 MB.

Unloading 21 unused Assets to reduce memory usage. Loaded Objects now: 2548.
Total: 3.583700 ms (FindLiveObjects: 0.375500 ms CreateObjectMapping: 0.099800 ms MarkObjects: 2.933500 ms  DeleteObjects: 0.173200 ms)

AssetImportParameters requested are different than current active one (requested -> active):
  custom:framework-win-MediaFoundation: 216162199b28c13a410421893ffa2e32 -> 
  custom:video-decoder-ogg-theora: a1e56fd34408186e4bbccfd4996cb3dc -> 
  custom:container-muxer-webm: aa71ff27fc2769a1b78a27578f13a17b -> 
  custom:container-demuxer-webm: 4f35f7cbe854078d1ac9338744f61a02 -> 
  custom:container-demuxer-ogg: 62fdf1f143b41e24485cea50d1cbac27 -> 
  custom:video-encoder-webm-vp8: eb34c28f22e8b96e1ab97ce403110664 -> 
  custom:video-decoder-webm-vp8: 9c59270c3fd7afecdb556c50c9e8de78 -> 
  custom:audio-decoder-ogg-vorbis: bf7c407c2cedff20999df2af8eb42d56 -> 
  custom:audio-encoder-webm-vorbis: bf7c407c2cedff20999df2af8eb42d56 -> 
========================================================================
Received Import Request.
  Time since last request: 20978.949365 seconds.
  path: Assets/2d_CharaterController_NonAnimated
  artifactKey: Guid(899360cc64e03924b93d04655eb64a27) Importer(815301076,1909f56bfc062723c751e8b465ee728b)
Start importing Assets/2d_CharaterController_NonAnimated using Guid(899360cc64e03924b93d04655eb64a27) Importer(815301076,1909f56bfc062723c751e8b465ee728b)  -> (artifact id: '8a53a9595884fe9dbd06f3639a850342') in 0.009230 seconds 
  Import took 0.012401 seconds .

========================================================================
Received Import Request.
  Time since last request: 7.759082 seconds.
  path: Assets/2d_CharaterController_NonAnimated/New Sprite Atlas.spriteatlas
  artifactKey: Guid(03d305c5790bf734f82c643110744582) Importer(815301076,1909f56bfc062723c751e8b465ee728b)
Start importing Assets/2d_CharaterController_NonAnimated/New Sprite Atlas.spriteatlas using Guid(03d305c5790bf734f82c643110744582) Importer(815301076,1909f56bfc062723c751e8b465ee728b)  -> (artifact id: 'e2af0ff97c49041022d80494391d9971') in 0.015221 seconds 
  Import took 0.018243 seconds .

========================================================================
Received Import Request.
  Time since last request: 115.315654 seconds.
  path: Assets/Tiles
  artifactKey: Guid(f97e74a313147f640872460cb5854e06) Importer(815301076,1909f56bfc062723c751e8b465ee728b)
Start importing Assets/Tiles using Guid(f97e74a313147f640872460cb5854e06) Importer(815301076,1909f56bfc062723c751e8b465ee728b)  -> (artifact id: '4ee9720c3efe87c1168a0715796c3076') in 0.006327 seconds 
  Import took 0.009395 seconds .

========================================================================
Received Import Request.
  Time since last request: 3.058525 seconds.
  path: Assets/Pallettes/GroundTiles.prefab
  artifactKey: Guid(cd4d72a6ee71f5e469d5ace17008e4a7) Importer(815301076,1909f56bfc062723c751e8b465ee728b)
Start importing Assets/Pallettes/GroundTiles.prefab using Guid(cd4d72a6ee71f5e469d5ace17008e4a7) Importer(815301076,1909f56bfc062723c751e8b465ee728b)  -> (artifact id: 'de33db6d1d3380606f02b7d56cbef4c7') in 0.046789 seconds 
  Import took 0.050122 seconds .

========================================================================
Received Import Request.
  Time since last request: 15.545776 seconds.
  path: Assets/2d_CharaterController_NonAnimated/New Sprite Atlas.spriteatlas
  artifactKey: Guid(03d305c5790bf734f82c643110744582) Importer(815301076,1909f56bfc062723c751e8b465ee728b)
Start importing Assets/2d_CharaterController_NonAnimated/New Sprite Atlas.spriteatlas using Guid(03d305c5790bf734f82c643110744582) Importer(815301076,1909f56bfc062723c751e8b465ee728b)  -> (artifact id: '1e02bf4a002b94fc15bfc24806a41d59') in 0.002979 seconds 
  Import took 0.006281 seconds .

========================================================================
Received Import Request.
  Time since last request: 0.035276 seconds.
  path: Assets/2d_CharaterController_NonAnimated/New Sprite Atlas.spriteatlas
  artifactKey: Guid(03d305c5790bf734f82c643110744582) Importer(815301076,1909f56bfc062723c751e8b465ee728b)
Start importing Assets/2d_CharaterController_NonAnimated/New Sprite Atlas.spriteatlas using Guid(03d305c5790bf734f82c643110744582) Importer(815301076,1909f56bfc062723c751e8b465ee728b)  -> (artifact id: '1e02bf4a002b94fc15bfc24806a41d59') in 0.003232 seconds 
  Import took 0.006729 seconds .

========================================================================
Received Prepare
Registering precompiled user dll's ...
Registered in 0.004361 seconds.
Begin MonoManager ReloadAssembly
Native extension for WindowsStandalone target not found
Refreshing native plugins compatible for Editor in 0.75 ms, found 3 plugins.
Preloading 0 native plugins for Editor in 0.00 ms.
Mono: successfully reloaded assembly
- Completed reload, in  1.121 seconds
Domain Reload Profiling:
	ReloadAssembly (1122ms)
		BeginReloadAssembly (120ms)
			ExecutionOrderSort (0ms)
			DisableScriptedObjects (6ms)
			BackupInstance (0ms)
			ReleaseScriptingObjects (0ms)
			CreateAndSetChildDomain (37ms)
		EndReloadAssembly (918ms)
			LoadAssemblies (106ms)
			RebuildTransferFunctionScriptingTraits (0ms)
			SetupTypeCache (284ms)
			ReleaseScriptCaches (1ms)
			RebuildScriptCaches (43ms)
			SetupLoadedEditorAssemblies (376ms)
				LogAssemblyErrors (0ms)
				InitializePlatformSupportModulesInManaged (6ms)
				SetLoadedEditorAssemblies (1ms)
				RefreshPlugins (1ms)
				BeforeProcessingInitializeOnLoad (108ms)
				ProcessInitializeOnLoadAttributes (243ms)
				ProcessInitializeOnLoadMethodAttributes (7ms)
				AfterProcessingInitializeOnLoad (10ms)
				EditorAssembliesLoaded (0ms)
			ExecutionOrderSort2 (0ms)
			AwakeInstancesAfterBackupRestoration (13ms)
Platform modules already initialized, skipping
Refreshing native plugins compatible for Editor in 0.86 ms, found 3 plugins.
Preloading 0 native plugins for Editor in 0.00 ms.
Unloading 2080 Unused Serialized files (Serialized files now loaded: 0)
System memory in use before: 96.1 MB.
System memory in use after: 96.1 MB.

Unloading 21 unused Assets to reduce memory usage. Loaded Objects now: 2553.
Total: 3.118300 ms (FindLiveObjects: 0.240500 ms CreateObjectMapping: 0.048600 ms MarkObjects: 2.665900 ms  DeleteObjects: 0.161200 ms)

AssetImportParameters requested are different than current active one (requested -> active):
  custom:framework-win-MediaFoundation: 216162199b28c13a410421893ffa2e32 -> 
  custom:video-decoder-ogg-theora: a1e56fd34408186e4bbccfd4996cb3dc -> 
  custom:container-muxer-webm: aa71ff27fc2769a1b78a27578f13a17b -> 
  custom:container-demuxer-webm: 4f35f7cbe854078d1ac9338744f61a02 -> 
  custom:container-demuxer-ogg: 62fdf1f143b41e24485cea50d1cbac27 -> 
  custom:video-encoder-webm-vp8: eb34c28f22e8b96e1ab97ce403110664 -> 
  custom:video-decoder-webm-vp8: 9c59270c3fd7afecdb556c50c9e8de78 -> 
  custom:audio-decoder-ogg-vorbis: bf7c407c2cedff20999df2af8eb42d56 -> 
  custom:audio-encoder-webm-vorbis: bf7c407c2cedff20999df2af8eb42d56 -> 
========================================================================
Received Import Request.
  Time since last request: 72.912537 seconds.
  path: Assets/2d_CharaterController_NonAnimated/New Sprite Atlas.spriteatlas
  artifactKey: Guid(03d305c5790bf734f82c643110744582) Importer(815301076,1909f56bfc062723c751e8b465ee728b)
Start importing Assets/2d_CharaterController_NonAnimated/New Sprite Atlas.spriteatlas using Guid(03d305c5790bf734f82c643110744582) Importer(815301076,1909f56bfc062723c751e8b465ee728b)  -> (artifact id: '66f3e36c5f5cafadb82a21e87eea2e7a') in 0.013953 seconds 
  Import took 0.017261 seconds .

========================================================================
Received Import Request.
  Time since last request: 0.056125 seconds.
  path: Assets/2d_CharaterController_NonAnimated/New Sprite Atlas.spriteatlas
  artifactKey: Guid(03d305c5790bf734f82c643110744582) Importer(815301076,1909f56bfc062723c751e8b465ee728b)
Start importing Assets/2d_CharaterController_NonAnimated/New Sprite Atlas.spriteatlas using Guid(03d305c5790bf734f82c643110744582) Importer(815301076,1909f56bfc062723c751e8b465ee728b)  -> (artifact id: '66f3e36c5f5cafadb82a21e87eea2e7a') in 0.002891 seconds 
  Import took 0.005886 seconds .

========================================================================
Received Prepare
Registering precompiled user dll's ...
Registered in 0.004231 seconds.
Begin MonoManager ReloadAssembly
Native extension for WindowsStandalone target not found
Refreshing native plugins compatible for Editor in 0.46 ms, found 3 plugins.
Preloading 0 native plugins for Editor in 0.00 ms.
Mono: successfully reloaded assembly
- Completed reload, in  1.070 seconds
Domain Reload Profiling:
	ReloadAssembly (1071ms)
		BeginReloadAssembly (116ms)
			ExecutionOrderSort (0ms)
			DisableScriptedObjects (7ms)
			BackupInstance (0ms)
			ReleaseScriptingObjects (0ms)
			CreateAndSetChildDomain (33ms)
		EndReloadAssembly (879ms)
			LoadAssemblies (104ms)
			RebuildTransferFunctionScriptingTraits (0ms)
			SetupTypeCache (299ms)
			ReleaseScriptCaches (1ms)
			RebuildScriptCaches (46ms)
			SetupLoadedEditorAssemblies (323ms)
				LogAssemblyErrors (0ms)
				InitializePlatformSupportModulesInManaged (5ms)
				SetLoadedEditorAssemblies (0ms)
				RefreshPlugins (1ms)
				BeforeProcessingInitializeOnLoad (95ms)
				ProcessInitializeOnLoadAttributes (206ms)
				ProcessInitializeOnLoadMethodAttributes (6ms)
				AfterProcessingInitializeOnLoad (10ms)
				EditorAssembliesLoaded (0ms)
			ExecutionOrderSort2 (0ms)
			AwakeInstancesAfterBackupRestoration (11ms)
Platform modules already initialized, skipping
Refreshing native plugins compatible for Editor in 0.48 ms, found 3 plugins.
Preloading 0 native plugins for Editor in 0.00 ms.
Unloading 2080 Unused Serialized files (Serialized files now loaded: 0)
System memory in use before: 96.1 MB.
System memory in use after: 96.1 MB.

Unloading 22 unused Assets to reduce memory usage. Loaded Objects now: 2557.
Total: 2.475000 ms (FindLiveObjects: 0.192400 ms CreateObjectMapping: 0.046400 ms MarkObjects: 2.113000 ms  DeleteObjects: 0.121900 ms)

AssetImportParameters requested are different than current active one (requested -> active):
  custom:framework-win-MediaFoundation: 216162199b28c13a410421893ffa2e32 -> 
  custom:video-decoder-ogg-theora: a1e56fd34408186e4bbccfd4996cb3dc -> 
  custom:container-muxer-webm: aa71ff27fc2769a1b78a27578f13a17b -> 
  custom:container-demuxer-webm: 4f35f7cbe854078d1ac9338744f61a02 -> 
  custom:container-demuxer-ogg: 62fdf1f143b41e24485cea50d1cbac27 -> 
  custom:video-encoder-webm-vp8: eb34c28f22e8b96e1ab97ce403110664 -> 
  custom:video-decoder-webm-vp8: 9c59270c3fd7afecdb556c50c9e8de78 -> 
  custom:audio-decoder-ogg-vorbis: bf7c407c2cedff20999df2af8eb42d56 -> 
  custom:audio-encoder-webm-vorbis: bf7c407c2cedff20999df2af8eb42d56 -> 
========================================================================
Received Prepare
Refreshing native plugins compatible for Editor in 4.71 ms, found 3 plugins.
Preloading 0 native plugins for Editor in 0.00 ms.
Unloading 19 Unused Serialized files (Serialized files now loaded: 0)
System memory in use before: 55.4 MB.
System memory in use after: 55.4 MB.

Unloading 19 unused Assets to reduce memory usage. Loaded Objects now: 2557.
Total: 3.173900 ms (FindLiveObjects: 0.301700 ms CreateObjectMapping: 0.061200 ms MarkObjects: 2.658600 ms  DeleteObjects: 0.150900 ms)

AssetImportParameters requested are different than current active one (requested -> active):
  custom:framework-win-MediaFoundation: 216162199b28c13a410421893ffa2e32 -> 
  custom:video-decoder-ogg-theora: a1e56fd34408186e4bbccfd4996cb3dc -> 
  custom:container-muxer-webm: aa71ff27fc2769a1b78a27578f13a17b -> 
  custom:container-demuxer-webm: 4f35f7cbe854078d1ac9338744f61a02 -> 
  custom:container-demuxer-ogg: 62fdf1f143b41e24485cea50d1cbac27 -> 
  custom:video-encoder-webm-vp8: eb34c28f22e8b96e1ab97ce403110664 -> 
  custom:video-decoder-webm-vp8: 9c59270c3fd7afecdb556c50c9e8de78 -> 
  custom:audio-decoder-ogg-vorbis: bf7c407c2cedff20999df2af8eb42d56 -> 
  custom:audio-encoder-webm-vorbis: bf7c407c2cedff20999df2af8eb42d56 -> 
========================================================================
Received Prepare
Refreshing native plugins compatible for Editor in 4.26 ms, found 3 plugins.
Preloading 0 native plugins for Editor in 0.00 ms.
Unloading 19 Unused Serialized files (Serialized files now loaded: 0)
System memory in use before: 55.4 MB.
System memory in use after: 55.4 MB.

Unloading 19 unused Assets to reduce memory usage. Loaded Objects now: 2557.
Total: 2.511300 ms (FindLiveObjects: 0.246500 ms CreateObjectMapping: 0.050100 ms MarkObjects: 2.091600 ms  DeleteObjects: 0.122500 ms)

AssetImportParameters requested are different than current active one (requested -> active):
  custom:framework-win-MediaFoundation: 216162199b28c13a410421893ffa2e32 -> 
  custom:video-decoder-ogg-theora: a1e56fd34408186e4bbccfd4996cb3dc -> 
  custom:container-muxer-webm: aa71ff27fc2769a1b78a27578f13a17b -> 
  custom:container-demuxer-webm: 4f35f7cbe854078d1ac9338744f61a02 -> 
  custom:container-demuxer-ogg: 62fdf1f143b41e24485cea50d1cbac27 -> 
  custom:video-encoder-webm-vp8: eb34c28f22e8b96e1ab97ce403110664 -> 
  custom:video-decoder-webm-vp8: 9c59270c3fd7afecdb556c50c9e8de78 -> 
  custom:audio-decoder-ogg-vorbis: bf7c407c2cedff20999df2af8eb42d56 -> 
  custom:audio-encoder-webm-vorbis: bf7c407c2cedff20999df2af8eb42d56 -> 
AssetImportWorkerClient::OnTransportError - code=2 error=End of file
